#
# There is insufficient memory for the Java Runtime Environment to continue.
# Native memory allocation (mmap) failed to map 100663296 bytes for Failed to commit area from 0x00000000a0e00000 to 0x00000000a6e00000 of length 100663296.
# Possible reasons:
#   The system is out of physical RAM or swap space
#   The process is running with CompressedOops enabled, and the Java Heap may be blocking the growth of the native heap
# Possible solutions:
#   Reduce memory load on the system
#   Increase physical memory or swap space
#   Check if swap backing store is full
#   Decrease Java heap size (-Xmx/-Xms)
#   Decrease number of Java threads
#   Decrease Java thread stack sizes (-Xss)
#   Set larger code cache with -XX:ReservedCodeCacheSize=
# This output file may be truncated or incomplete.
#
#  Out of Memory Error (./src/hotspot/os/windows/os_windows.cpp:3386), pid=13392, tid=11328
#
# JRE version:  (11.0.18+10) (build )
# Java VM: OpenJDK 64-Bit Server VM (11.0.18+10-LTS, mixed mode, sharing, tiered, compressed oops, g1 gc, windows-amd64)
# No core dump will be written. Minidumps are not enabled by default on client versions of Windows
#

---------------  S U M M A R Y ------------

Command Line: -Dfile.encoding=utf8 c:\Users\manga\.vscode\extensions\vscjava.vscode-gradle-3.12.7\lib\gradle-language-server.jar

Host: AMD Ryzen 5 3550H with Radeon Vega Mobile Gfx  , 8 cores, 5G,  Windows 11 , 64 bit Build 22621 (10.0.22621.1778)
Time: Thu Jun  8 15:07:17 2023 India Standard Time elapsed time: 0.155201 seconds (0d 0h 0m 0s)

---------------  T H R E A D  ---------------

Current thread (0x000001ac6b3f8800):  JavaThread "Unknown thread" [_thread_in_vm, id=11328, stack(0x0000002443100000,0x0000002443200000)]

Stack: [0x0000002443100000,0x0000002443200000]
Native frames: (J=compiled Java code, j=interpreted, Vv=VM code, C=native code)
V  [jvm.dll+0x62bf8a]
V  [jvm.dll+0x7b8fb9]
V  [jvm.dll+0x7ba6a8]
V  [jvm.dll+0x7bad83]
V  [jvm.dll+0x250248]
V  [jvm.dll+0x62929a]
V  [jvm.dll+0x61d855]
V  [jvm.dll+0x30c32c]
V  [jvm.dll+0x30c1b2]
V  [jvm.dll+0x310ec6]
V  [jvm.dll+0x356f0f]
V  [jvm.dll+0x356940]
V  [jvm.dll+0x2e9348]
V  [jvm.dll+0x2ea4a6]
V  [jvm.dll+0x792e07]
V  [jvm.dll+0x79458f]
V  [jvm.dll+0x363c69]
V  [jvm.dll+0x775d70]
V  [jvm.dll+0x3d297f]
V  [jvm.dll+0x3d4d11]
C  [jli.dll+0x5207]
C  [ucrtbase.dll+0x29363]
C  [KERNEL32.DLL+0x126ad]
C  [ntdll.dll+0x5a9f8]


---------------  P R O C E S S  ---------------

Threads class SMR info:
_java_thread_list=0x000001ac69241ca0, length=0, elements={
}

Java Threads: ( => current thread )

Other Threads:
  0x000001ac6b40f000 GCTaskThread "GC Thread#0" [stack: 0x0000002443200000,0x0000002443300000] [id=4600]
  0x000001ac6b435800 ConcurrentGCThread "G1 Main Marker" [stack: 0x0000002443300000,0x0000002443400000] [id=4404]
  0x000001ac6b438000 ConcurrentGCThread "G1 Conc#0" [stack: 0x0000002443400000,0x0000002443500000] [id=13332]

[error occurred during error reporting (printing all threads), id 0xc0000005, EXCEPTION_ACCESS_VIOLATION (0xc0000005) at pc=0x00007fffcc788b17]

VM state:not at safepoint (not fully initialized)

VM Mutex/Monitor currently owned by a thread:  ([mutex/lock_event])
[0x000001ac6b3f56b0] Heap_lock - owner thread: 0x000001ac6b3f8800

Heap address: 0x00000000a0e00000, size: 1522 MB, Compressed Oops mode: Non-zero based: 0x00000000a0e00000
Narrow klass base: 0x0000000000000000, Narrow klass shift: 0

GC Heap History (0 events):
No events

Deoptimization events (0 events):
No events

Classes redefined (0 events):
No events

Internal exceptions (0 events):
No events

Events (1 events):
Event: 0.147 Loaded shared library C:\Program Files\Microsoft\jdk-11.0.18.10-hotspot\bin\zip.dll


Dynamic libraries:
0x00007ff643b50000 - 0x00007ff643b5d000 	C:\Program Files\Microsoft\jdk-11.0.18.10-hotspot\bin\java.exe
0x00007ff825db0000 - 0x00007ff825fc4000 	C:\WINDOWS\SYSTEM32\ntdll.dll
0x00007ff8251b0000 - 0x00007ff825272000 	C:\WINDOWS\System32\KERNEL32.DLL
0x00007ff823320000 - 0x00007ff8236c3000 	C:\WINDOWS\System32\KERNELBASE.dll
0x00007ff823860000 - 0x00007ff823971000 	C:\WINDOWS\System32\ucrtbase.dll
0x00007ff805d00000 - 0x00007ff805d17000 	C:\Program Files\Microsoft\jdk-11.0.18.10-hotspot\bin\jli.dll
0x00007ff824f50000 - 0x00007ff8250fb000 	C:\WINDOWS\System32\USER32.dll
0x00007ff823aa0000 - 0x00007ff823ac6000 	C:\WINDOWS\System32\win32u.dll
0x00007ff805470000 - 0x00007ff805485000 	C:\Program Files\Microsoft\jdk-11.0.18.10-hotspot\bin\VCRUNTIME140.dll
0x00007ff814e40000 - 0x00007ff8150ce000 	C:\WINDOWS\WinSxS\amd64_microsoft.windows.common-controls_6595b64144ccf1df_6.0.22621.1635_none_270f70857386168e\COMCTL32.dll
0x00007ff825180000 - 0x00007ff8251a9000 	C:\WINDOWS\System32\GDI32.dll
0x00007ff825280000 - 0x00007ff825327000 	C:\WINDOWS\System32\msvcrt.dll
0x00007ff823980000 - 0x00007ff823a99000 	C:\WINDOWS\System32\gdi32full.dll
0x00007ff8236d0000 - 0x00007ff82376a000 	C:\WINDOWS\System32\msvcp_win.dll
0x00007ff825880000 - 0x00007ff8258b1000 	C:\WINDOWS\System32\IMM32.DLL
0x00007ff8052b0000 - 0x00007ff80534b000 	C:\Program Files\Microsoft\jdk-11.0.18.10-hotspot\bin\msvcp140.dll
0x00007fffcc490000 - 0x00007fffcd022000 	C:\Program Files\Microsoft\jdk-11.0.18.10-hotspot\bin\server\jvm.dll
0x00007ff825330000 - 0x00007ff8253de000 	C:\WINDOWS\System32\ADVAPI32.dll
0x00007ff8253e0000 - 0x00007ff825484000 	C:\WINDOWS\System32\sechost.dll
0x00007ff824670000 - 0x00007ff824787000 	C:\WINDOWS\System32\RPCRT4.dll
0x00007ff823c00000 - 0x00007ff823c08000 	C:\WINDOWS\System32\PSAPI.DLL
0x00007ff81b030000 - 0x00007ff81b039000 	C:\WINDOWS\SYSTEM32\WSOCK32.dll
0x00007ff824430000 - 0x00007ff8244a1000 	C:\WINDOWS\System32\WS2_32.dll
0x00007ff81bd90000 - 0x00007ff81bdc4000 	C:\WINDOWS\SYSTEM32\WINMM.dll
0x00007ff81a380000 - 0x00007ff81a38a000 	C:\WINDOWS\SYSTEM32\VERSION.dll
0x00007ff8221c0000 - 0x00007ff8221d8000 	C:\WINDOWS\SYSTEM32\kernel.appcore.dll
0x00007ff804310000 - 0x00007ff804320000 	C:\Program Files\Microsoft\jdk-11.0.18.10-hotspot\bin\verify.dll
0x00007ff80d1d0000 - 0x00007ff80d3fe000 	C:\WINDOWS\SYSTEM32\DBGHELP.DLL
0x00007ff8254f0000 - 0x00007ff825879000 	C:\WINDOWS\System32\combase.dll
0x00007ff825c40000 - 0x00007ff825d17000 	C:\WINDOWS\System32\OLEAUT32.dll
0x00007ff80d060000 - 0x00007ff80d092000 	C:\WINDOWS\SYSTEM32\dbgcore.DLL
0x00007ff8237e0000 - 0x00007ff82385b000 	C:\WINDOWS\System32\bcryptPrimitives.dll
0x00007ff8042e0000 - 0x00007ff804308000 	C:\Program Files\Microsoft\jdk-11.0.18.10-hotspot\bin\java.dll
0x00007ff8042d0000 - 0x00007ff8042da000 	C:\Program Files\Microsoft\jdk-11.0.18.10-hotspot\bin\jimage.dll
0x00007ff8042b0000 - 0x00007ff8042c8000 	C:\Program Files\Microsoft\jdk-11.0.18.10-hotspot\bin\zip.dll

dbghelp: loaded successfully - version: 4.0.5 - missing functions: none
symbol engine: initialized successfully - sym options: 0x614 - pdb path: .;C:\Program Files\Microsoft\jdk-11.0.18.10-hotspot\bin;C:\WINDOWS\SYSTEM32;C:\WINDOWS\WinSxS\amd64_microsoft.windows.common-controls_6595b64144ccf1df_6.0.22621.1635_none_270f70857386168e;C:\Program Files\Microsoft\jdk-11.0.18.10-hotspot\bin\server

VM Arguments:
jvm_args: -Dfile.encoding=utf8 
java_command: c:\Users\manga\.vscode\extensions\vscjava.vscode-gradle-3.12.7\lib\gradle-language-server.jar
java_class_path (initial): c:\Users\manga\.vscode\extensions\vscjava.vscode-gradle-3.12.7\lib\gradle-language-server.jar
Launcher Type: SUN_STANDARD

[Global flags]
     intx CICompilerCount                          = 4                                         {product} {ergonomic}
     uint ConcGCThreads                            = 2                                         {product} {ergonomic}
     uint G1ConcRefinementThreads                  = 8                                         {product} {ergonomic}
   size_t G1HeapRegionSize                         = 1048576                                   {product} {ergonomic}
    uintx GCDrainStackTargetSize                   = 64                                        {product} {ergonomic}
   size_t InitialHeapSize                          = 100663296                                 {product} {ergonomic}
   size_t MarkStackSize                            = 4194304                                   {product} {ergonomic}
   size_t MaxHeapSize                              = 1595932672                                {product} {ergonomic}
   size_t MinHeapDeltaBytes                        = 1048576                                   {product} {ergonomic}
    uintx NonNMethodCodeHeapSize                   = 5836300                                {pd product} {ergonomic}
    uintx NonProfiledCodeHeapSize                  = 122910970                              {pd product} {ergonomic}
    uintx ProfiledCodeHeapSize                     = 122910970                              {pd product} {ergonomic}
    uintx ReservedCodeCacheSize                    = 251658240                              {pd product} {ergonomic}
     bool SegmentedCodeCache                       = true                                      {product} {ergonomic}
     bool UseCompressedClassPointers               = true                                 {lp64_product} {ergonomic}
     bool UseCompressedOops                        = true                                 {lp64_product} {ergonomic}
     bool UseG1GC                                  = true                                      {product} {ergonomic}
     bool UseLargePagesIndividualAllocation        = false                                  {pd product} {ergonomic}

Logging:
Log output configuration:
 #0: stdout all=warning uptime,level,tags
 #1: stderr all=off uptime,level,tags

Environment Variables:
JAVA_HOME=C:\Program Files\Microsoft\jdk-11.0.18.10-hotspot\
PATH=C:\Program Files\Microsoft\jdk-11.0.18.10-hotspot\bin;C:\Program Files\Common Files\Oracle\Java\javapath;C:\WINDOWS\system32;C:\WINDOWS;C:\WINDOWS\System32\Wbem;C:\WINDOWS\System32\WindowsPowerShell\v1.0\;C:\WINDOWS\System32\OpenSSH\;C:\Users\manga\AppData\Local\Android\sdk\platform-tools;C:\Program Files\nodejs\;C:\Users\manga\AppData\Local\Pub\Cache\bin;C:\ProgramData\chocolatey\bin;C:\Program Files\Git\cmd;C:\MinGW\bin;C:\Users\manga\AppData\Local\Programs\Python\Python310\Scripts\;C:\Users\manga\AppData\Local\Programs\Python\Python310\;C:\Users\manga\AppData\Local\Microsoft\WindowsApps;C:\Users\manga\AppData\Local\Programs\Microsoft VS Code\bin;C:\Users\manga\development\sdks\flutter\bin;C:\Users\manga\AppData\Local\Android\sdk\platform-tools;C:\Users\manga\AppData\Local\Programs\Hyper\resources\bin;C:\Users\manga\AppData\Roaming\npm;C:\Users\manga\AppData\Local\Pub\Cache\bin;C:\Program Files\heroku\bin;C:\Users\manga\AppData\Local\Android\Sdk\platform-tools;C:\MinGW\bin
USERNAME=manga
OS=Windows_NT
PROCESSOR_IDENTIFIER=AMD64 Family 23 Model 24 Stepping 1, AuthenticAMD
TMP=C:\Users\manga\AppData\Local\Temp
TEMP=C:\Users\manga\AppData\Local\Temp



---------------  S Y S T E M  ---------------

OS: Windows 11 , 64 bit Build 22621 (10.0.22621.1778)
OS uptime: 0 days 0:02 hours
Hyper-V role detected

CPU:total 8 (initial active 8) (8 cores per cpu, 2 threads per core) family 23 model 24 stepping 1 microcode 0x0, cmov, cx8, fxsr, mmx, sse, sse2, sse3, ssse3, sse4.1, sse4.2, popcnt, avx, avx2, aes, clmul, mmxext, 3dnowpref, lzcnt, sse4a, ht, tsc, tscinvbit, tscinv, bmi1, bmi2, adx, sha, fma

Memory: 4k page, system-wide physical 6081M (1901M free)
TotalPageFile size 6081M (AvailPageFile size 43M)
current process WorkingSet (physical memory assigned to process): 10M, peak: 10M
current process commit charge ("private bytes"): 60M, peak: 156M

vm_info: OpenJDK 64-Bit Server VM (11.0.18+10-LTS) for windows-amd64 JRE (11.0.18+10-LTS), built on Jan 18 2023 15:56:47 by "MicrosoftCorporation" with MS VC++ 15.9 (VS2017)

END.
